# JRE version: OpenJDK Runtime Environment (8.0_432-b06) (build 1.8.0_432-b06)
# Java VM: OpenJDK 64-Bit Server VM (25.432-b06 mixed mode windows-amd64 compressed oops)
Heap:
 PSYoungGen      total 101376K, used 19783K [0x00000000d6b80000, 0x00000000ddd80000, 0x0000000100000000)
  eden space 90112K, 12% used [0x00000000d6b80000,0x00000000d761de90,0x00000000dc380000)
  from space 11264K, 79% used [0x00000000dce80000,0x00000000dd733ec0,0x00000000dd980000)
  to   space 11264K, 0% used [0x00000000dc380000,0x00000000dc380000,0x00000000dce80000)
 ParOldGen       total 63488K, used 12935K [0x0000000084200000, 0x0000000088000000, 0x00000000d6b80000)
  object space 63488K, 20% used [0x0000000084200000,0x0000000084ea1e50,0x0000000088000000)
 Metaspace       used 28067K, capacity 28996K, committed 29312K, reserved 1075200K
  class space    used 3401K, capacity 3660K, committed 3712K, reserved 1048576K
GC Heap History (10 events):
Event: 1.812 GC heap before
{Heap before GC invocations=3 (full 0):
 PSYoungGen      total 68608K, used 68583K [0x00000000d6b80000, 0x00000000db380000, 0x0000000100000000)
  eden space 63488K, 100% used [0x00000000d6b80000,0x00000000da980000,0x00000000da980000)
  from space 5120K, 99% used [0x00000000dae80000,0x00000000db379e28,0x00000000db380000)
  to   space 5120K, 0% used [0x00000000da980000,0x00000000da980000,0x00000000dae80000)
 ParOldGen       total 84992K, used 1232K [0x0000000084200000, 0x0000000089500000, 0x00000000d6b80000)
  object space 84992K, 1% used [0x0000000084200000,0x00000000843341b0,0x0000000089500000)
 Metaspace       used 19319K, capacity 19908K, committed 20096K, reserved 1067008K
  class space    used 2400K, capacity 2569K, committed 2688K, reserved 1048576K
Event: 1.827 GC heap after
Heap after GC invocations=3 (full 0):
 PSYoungGen      total 68608K, used 5104K [0x00000000d6b80000, 0x00000000db380000, 0x0000000100000000)
  eden space 63488K, 0% used [0x00000000d6b80000,0x00000000d6b80000,0x00000000da980000)
  from space 5120K, 99% used [0x00000000da980000,0x00000000dae7c050,0x00000000dae80000)
  to   space 5120K, 0% used [0x00000000dae80000,0x00000000dae80000,0x00000000db380000)
 ParOldGen       total 84992K, used 7285K [0x0000000084200000, 0x0000000089500000, 0x00000000d6b80000)
  object space 84992K, 8% used [0x0000000084200000,0x000000008491d7e8,0x0000000089500000)
 Metaspace       used 19319K, capacity 19908K, committed 20096K, reserved 1067008K
  class space    used 2400K, capacity 2569K, committed 2688K, reserved 1048576K
}
Event: 2.260 GC heap before
{Heap before GC invocations=4 (full 0):
 PSYoungGen      total 68608K, used 30399K [0x00000000d6b80000, 0x00000000db380000, 0x0000000100000000)
  eden space 63488K, 39% used [0x00000000d6b80000,0x00000000d8433ee0,0x00000000da980000)
  from space 5120K, 99% used [0x00000000da980000,0x00000000dae7c050,0x00000000dae80000)
  to   space 5120K, 0% used [0x00000000dae80000,0x00000000dae80000,0x00000000db380000)
 ParOldGen       total 84992K, used 7285K [0x0000000084200000, 0x0000000089500000, 0x00000000d6b80000)
  object space 84992K, 8% used [0x0000000084200000,0x000000008491d7e8,0x0000000089500000)
 Metaspace       used 20468K, capacity 21130K, committed 21248K, reserved 1067008K
  class space    used 2529K, capacity 2714K, committed 2816K, reserved 1048576K
Event: 2.268 GC heap after
Heap after GC invocations=4 (full 0):
 PSYoungGen      total 68608K, used 5088K [0x00000000d6b80000, 0x00000000db380000, 0x0000000100000000)
  eden space 63488K, 0% used [0x00000000d6b80000,0x00000000d6b80000,0x00000000da980000)
  from space 5120K, 99% used [0x00000000dae80000,0x00000000db378020,0x00000000db380000)
  to   space 5120K, 0% used [0x00000000da980000,0x00000000da980000,0x00000000dae80000)
 ParOldGen       total 84992K, used 9829K [0x0000000084200000, 0x0000000089500000, 0x00000000d6b80000)
  object space 84992K, 11% used [0x0000000084200000,0x0000000084b995c8,0x0000000089500000)
 Metaspace       used 20468K, capacity 21130K, committed 21248K, reserved 1067008K
  class space    used 2529K, capacity 2714K, committed 2816K, reserved 1048576K
}
Event: 2.268 GC heap before
{Heap before GC invocations=5 (full 1):
 PSYoungGen      total 68608K, used 5088K [0x00000000d6b80000, 0x00000000db380000, 0x0000000100000000)
  eden space 63488K, 0% used [0x00000000d6b80000,0x00000000d6b80000,0x00000000da980000)
  from space 5120K, 99% used [0x00000000dae80000,0x00000000db378020,0x00000000db380000)
  to   space 5120K, 0% used [0x00000000da980000,0x00000000da980000,0x00000000dae80000)
 ParOldGen       total 84992K, used 9829K [0x0000000084200000, 0x0000000089500000, 0x00000000d6b80000)
  object space 84992K, 11% used [0x0000000084200000,0x0000000084b995c8,0x0000000089500000)
 Metaspace       used 20468K, capacity 21130K, committed 21248K, reserved 1067008K
  class space    used 2529K, capacity 2714K, committed 2816K, reserved 1048576K
Event: 2.306 GC heap after
Heap after GC invocations=5 (full 1):
 PSYoungGen      total 68608K, used 0K [0x00000000d6b80000, 0x00000000db380000, 0x0000000100000000)
  eden space 63488K, 0% used [0x00000000d6b80000,0x00000000d6b80000,0x00000000da980000)
  from space 5120K, 0% used [0x00000000dae80000,0x00000000dae80000,0x00000000db380000)
  to   space 5120K, 0% used [0x00000000da980000,0x00000000da980000,0x00000000dae80000)
 ParOldGen       total 63488K, used 8689K [0x0000000084200000, 0x0000000088000000, 0x00000000d6b80000)
  object space 63488K, 13% used [0x0000000084200000,0x0000000084a7c710,0x0000000088000000)
 Metaspace       used 20468K, capacity 21130K, committed 21248K, reserved 1067008K
  class space    used 2529K, capacity 2714K, committed 2816K, reserved 1048576K
}
Event: 3.874 GC heap before
{Heap before GC invocations=6 (full 1):
 PSYoungGen      total 68608K, used 63488K [0x00000000d6b80000, 0x00000000db380000, 0x0000000100000000)
  eden space 63488K, 100% used [0x00000000d6b80000,0x00000000da980000,0x00000000da980000)
  from space 5120K, 0% used [0x00000000dae80000,0x00000000dae80000,0x00000000db380000)
  to   space 5120K, 0% used [0x00000000da980000,0x00000000da980000,0x00000000dae80000)
 ParOldGen       total 63488K, used 8689K [0x0000000084200000, 0x0000000088000000, 0x00000000d6b80000)
  object space 63488K, 13% used [0x0000000084200000,0x0000000084a7c710,0x0000000088000000)
 Metaspace       used 26221K, capacity 27202K, committed 27392K, reserved 1073152K
  class space    used 3208K, capacity 3482K, committed 3584K, reserved 1048576K
Event: 3.882 GC heap after
Heap after GC invocations=6 (full 1):
 PSYoungGen      total 68608K, used 5110K [0x00000000d6b80000, 0x00000000dd980000, 0x0000000100000000)
  eden space 63488K, 0% used [0x00000000d6b80000,0x00000000d6b80000,0x00000000da980000)
  from space 5120K, 99% used [0x00000000da980000,0x00000000dae7da20,0x00000000dae80000)
  to   space 11264K, 0% used [0x00000000dce80000,0x00000000dce80000,0x00000000dd980000)
 ParOldGen       total 63488K, used 12927K [0x0000000084200000, 0x0000000088000000, 0x00000000d6b80000)
  object space 63488K, 20% used [0x0000000084200000,0x0000000084e9fe50,0x0000000088000000)
 Metaspace       used 26221K, capacity 27202K, committed 27392K, reserved 1073152K
  class space    used 3208K, capacity 3482K, committed 3584K, reserved 1048576K
}
Event: 4.346 GC heap before
{Heap before GC invocations=7 (full 1):
 PSYoungGen      total 68608K, used 68598K [0x00000000d6b80000, 0x00000000dd980000, 0x0000000100000000)
  eden space 63488K, 100% used [0x00000000d6b80000,0x00000000da980000,0x00000000da980000)
  from space 5120K, 99% used [0x00000000da980000,0x00000000dae7da20,0x00000000dae80000)
  to   space 11264K, 0% used [0x00000000dce80000,0x00000000dce80000,0x00000000dd980000)
 ParOldGen       total 63488K, used 12927K [0x0000000084200000, 0x0000000088000000, 0x00000000d6b80000)
  object space 63488K, 20% used [0x0000000084200000,0x0000000084e9fe50,0x0000000088000000)
 Metaspace       used 27797K, capacity 28740K, committed 29056K, reserved 1075200K
  class space    used 3381K, capacity 3660K, committed 3712K, reserved 1048576K
Event: 4.358 GC heap after
Heap after GC invocations=7 (full 1):
 PSYoungGen      total 101376K, used 8911K [0x00000000d6b80000, 0x00000000ddd80000, 0x0000000100000000)
  eden space 90112K, 0% used [0x00000000d6b80000,0x00000000d6b80000,0x00000000dc380000)
  from space 11264K, 79% used [0x00000000dce80000,0x00000000dd733ec0,0x00000000dd980000)
  to   space 11264K, 0% used [0x00000000dc380000,0x00000000dc380000,0x00000000dce80000)
 ParOldGen       total 63488K, used 12935K [0x0000000084200000, 0x0000000088000000, 0x00000000d6b80000)
  object space 63488K, 20% used [0x0000000084200000,0x0000000084ea1e50,0x0000000088000000)
 Metaspace       used 27797K, capacity 28740K, committed 29056K, reserved 1075200K
  class space    used 3381K, capacity 3660K, committed 3712K, reserved 1048576K
}

