# JRE version: OpenJDK Runtime Environment (8.0_432-b06) (build 1.8.0_432-b06)
# Java VM: OpenJDK 64-Bit Server VM (25.432-b06 mixed mode windows-amd64 compressed oops)
Heap:
 PSYoungGen      total 68608K, used 17846K [0x00000000d6b80000, 0x00000000dd880000, 0x0000000100000000)
  eden space 58368K, 15% used [0x00000000d6b80000,0x00000000d74953c8,0x00000000da480000)
  from space 10240K, 83% used [0x00000000da480000,0x00000000dacd8538,0x00000000dae80000)
  to   space 10752K, 0% used [0x00000000dce00000,0x00000000dce00000,0x00000000dd880000)
 ParOldGen       total 58368K, used 12911K [0x0000000084200000, 0x0000000087b00000, 0x00000000d6b80000)
  object space 58368K, 22% used [0x0000000084200000,0x0000000084e9bc68,0x0000000087b00000)
 Metaspace       used 27826K, capacity 28776K, committed 29056K, reserved 1075200K
  class space    used 3372K, capacity 3628K, committed 3712K, reserved 1048576K
GC Heap History (10 events):
Event: 1.844 GC heap before
{Heap before GC invocations=4 (full 0):
 PSYoungGen      total 36864K, used 36814K [0x00000000d6b80000, 0x00000000db380000, 0x0000000100000000)
  eden space 31744K, 99% used [0x00000000d6b80000,0x00000000d8a7b730,0x00000000d8a80000)
  from space 5120K, 99% used [0x00000000d8a80000,0x00000000d8f78488,0x00000000d8f80000)
  to   space 5120K, 0% used [0x00000000dae80000,0x00000000dae80000,0x00000000db380000)
 ParOldGen       total 84992K, used 3721K [0x0000000084200000, 0x0000000089500000, 0x00000000d6b80000)
  object space 84992K, 4% used [0x0000000084200000,0x00000000845a25e8,0x0000000089500000)
 Metaspace       used 19341K, capacity 19918K, committed 20096K, reserved 1067008K
  class space    used 2408K, capacity 2570K, committed 2688K, reserved 1048576K
Event: 1.855 GC heap after
Heap after GC invocations=4 (full 0):
 PSYoungGen      total 68608K, used 5113K [0x00000000d6b80000, 0x00000000db380000, 0x0000000100000000)
  eden space 63488K, 0% used [0x00000000d6b80000,0x00000000d6b80000,0x00000000da980000)
  from space 5120K, 99% used [0x00000000dae80000,0x00000000db37e658,0x00000000db380000)
  to   space 5120K, 0% used [0x00000000da980000,0x00000000da980000,0x00000000dae80000)
 ParOldGen       total 84992K, used 6756K [0x0000000084200000, 0x0000000089500000, 0x00000000d6b80000)
  object space 84992K, 7% used [0x0000000084200000,0x0000000084899090,0x0000000089500000)
 Metaspace       used 19341K, capacity 19918K, committed 20096K, reserved 1067008K
  class space    used 2408K, capacity 2570K, committed 2688K, reserved 1048576K
}
Event: 2.539 GC heap before
{Heap before GC invocations=5 (full 0):
 PSYoungGen      total 68608K, used 30662K [0x00000000d6b80000, 0x00000000db380000, 0x0000000100000000)
  eden space 63488K, 40% used [0x00000000d6b80000,0x00000000d8473218,0x00000000da980000)
  from space 5120K, 99% used [0x00000000dae80000,0x00000000db37e658,0x00000000db380000)
  to   space 5120K, 0% used [0x00000000da980000,0x00000000da980000,0x00000000dae80000)
 ParOldGen       total 84992K, used 6756K [0x0000000084200000, 0x0000000089500000, 0x00000000d6b80000)
  object space 84992K, 7% used [0x0000000084200000,0x0000000084899090,0x0000000089500000)
 Metaspace       used 20462K, capacity 21134K, committed 21248K, reserved 1067008K
  class space    used 2529K, capacity 2714K, committed 2816K, reserved 1048576K
Event: 2.545 GC heap after
Heap after GC invocations=5 (full 0):
 PSYoungGen      total 68608K, used 5088K [0x00000000d6b80000, 0x00000000db380000, 0x0000000100000000)
  eden space 63488K, 0% used [0x00000000d6b80000,0x00000000d6b80000,0x00000000da980000)
  from space 5120K, 99% used [0x00000000da980000,0x00000000dae78020,0x00000000dae80000)
  to   space 5120K, 0% used [0x00000000dae80000,0x00000000dae80000,0x00000000db380000)
 ParOldGen       total 84992K, used 9327K [0x0000000084200000, 0x0000000089500000, 0x00000000d6b80000)
  object space 84992K, 10% used [0x0000000084200000,0x0000000084b1bec8,0x0000000089500000)
 Metaspace       used 20462K, capacity 21134K, committed 21248K, reserved 1067008K
  class space    used 2529K, capacity 2714K, committed 2816K, reserved 1048576K
}
Event: 2.545 GC heap before
{Heap before GC invocations=6 (full 1):
 PSYoungGen      total 68608K, used 5088K [0x00000000d6b80000, 0x00000000db380000, 0x0000000100000000)
  eden space 63488K, 0% used [0x00000000d6b80000,0x00000000d6b80000,0x00000000da980000)
  from space 5120K, 99% used [0x00000000da980000,0x00000000dae78020,0x00000000dae80000)
  to   space 5120K, 0% used [0x00000000dae80000,0x00000000dae80000,0x00000000db380000)
 ParOldGen       total 84992K, used 9327K [0x0000000084200000, 0x0000000089500000, 0x00000000d6b80000)
  object space 84992K, 10% used [0x0000000084200000,0x0000000084b1bec8,0x0000000089500000)
 Metaspace       used 20462K, capacity 21134K, committed 21248K, reserved 1067008K
  class space    used 2529K, capacity 2714K, committed 2816K, reserved 1048576K
Event: 2.575 GC heap after
Heap after GC invocations=6 (full 1):
 PSYoungGen      total 68608K, used 0K [0x00000000d6b80000, 0x00000000db380000, 0x0000000100000000)
  eden space 63488K, 0% used [0x00000000d6b80000,0x00000000d6b80000,0x00000000da980000)
  from space 5120K, 0% used [0x00000000da980000,0x00000000da980000,0x00000000dae80000)
  to   space 5120K, 0% used [0x00000000dae80000,0x00000000dae80000,0x00000000db380000)
 ParOldGen       total 58368K, used 8682K [0x0000000084200000, 0x0000000087b00000, 0x00000000d6b80000)
  object space 58368K, 14% used [0x0000000084200000,0x0000000084a7ab90,0x0000000087b00000)
 Metaspace       used 20462K, capacity 21134K, committed 21248K, reserved 1067008K
  class space    used 2529K, capacity 2714K, committed 2816K, reserved 1048576K
}
Event: 4.453 GC heap before
{Heap before GC invocations=7 (full 1):
 PSYoungGen      total 68608K, used 63488K [0x00000000d6b80000, 0x00000000db380000, 0x0000000100000000)
  eden space 63488K, 100% used [0x00000000d6b80000,0x00000000da980000,0x00000000da980000)
  from space 5120K, 0% used [0x00000000da980000,0x00000000da980000,0x00000000dae80000)
  to   space 5120K, 0% used [0x00000000dae80000,0x00000000dae80000,0x00000000db380000)
 ParOldGen       total 58368K, used 8682K [0x0000000084200000, 0x0000000087b00000, 0x00000000d6b80000)
  object space 58368K, 14% used [0x0000000084200000,0x0000000084a7ab90,0x0000000087b00000)
 Metaspace       used 26195K, capacity 27110K, committed 27264K, reserved 1073152K
  class space    used 3201K, capacity 3450K, committed 3456K, reserved 1048576K
Event: 4.462 GC heap after
Heap after GC invocations=7 (full 1):
 PSYoungGen      total 63488K, used 5089K [0x00000000d6b80000, 0x00000000dde00000, 0x0000000100000000)
  eden space 58368K, 0% used [0x00000000d6b80000,0x00000000d6b80000,0x00000000da480000)
  from space 5120K, 99% used [0x00000000dae80000,0x00000000db378460,0x00000000db380000)
  to   space 10240K, 0% used [0x00000000da480000,0x00000000da480000,0x00000000dae80000)
 ParOldGen       total 58368K, used 12903K [0x0000000084200000, 0x0000000087b00000, 0x00000000d6b80000)
  object space 58368K, 22% used [0x0000000084200000,0x0000000084e99c68,0x0000000087b00000)
 Metaspace       used 26195K, capacity 27110K, committed 27264K, reserved 1073152K
  class space    used 3201K, capacity 3450K, committed 3456K, reserved 1048576K
}
Event: 4.820 GC heap before
{Heap before GC invocations=8 (full 1):
 PSYoungGen      total 63488K, used 63457K [0x00000000d6b80000, 0x00000000dde00000, 0x0000000100000000)
  eden space 58368K, 100% used [0x00000000d6b80000,0x00000000da480000,0x00000000da480000)
  from space 5120K, 99% used [0x00000000dae80000,0x00000000db378460,0x00000000db380000)
  to   space 10240K, 0% used [0x00000000da480000,0x00000000da480000,0x00000000dae80000)
 ParOldGen       total 58368K, used 12903K [0x0000000084200000, 0x0000000087b00000, 0x00000000d6b80000)
  object space 58368K, 22% used [0x0000000084200000,0x0000000084e99c68,0x0000000087b00000)
 Metaspace       used 27691K, capacity 28648K, committed 28800K, reserved 1075200K
  class space    used 3372K, capacity 3628K, committed 3712K, reserved 1048576K
Event: 4.826 GC heap after
Heap after GC invocations=8 (full 1):
 PSYoungGen      total 68608K, used 8545K [0x00000000d6b80000, 0x00000000dd880000, 0x0000000100000000)
  eden space 58368K, 0% used [0x00000000d6b80000,0x00000000d6b80000,0x00000000da480000)
  from space 10240K, 83% used [0x00000000da480000,0x00000000dacd8538,0x00000000dae80000)
  to   space 10752K, 0% used [0x00000000dce00000,0x00000000dce00000,0x00000000dd880000)
 ParOldGen       total 58368K, used 12911K [0x0000000084200000, 0x0000000087b00000, 0x00000000d6b80000)
  object space 58368K, 22% used [0x0000000084200000,0x0000000084e9bc68,0x0000000087b00000)
 Metaspace       used 27691K, capacity 28648K, committed 28800K, reserved 1075200K
  class space    used 3372K, capacity 3628K, committed 3712K, reserved 1048576K
}

